# stats: dump at 1531432947
stats: users 0 0
stats: {freemem,"tsung_controller@a44da3f1c740"} 1 10309.046875 0 10309.046875 10309.046875 0 0
stats: {load,"tsung_controller@a44da3f1c740"} 1 2.5703125 0 2.5703125 2.5703125 0 0
stats: {cpu,"tsung_controller@a44da3f1c740"} 1 1.3733962604222116 0 1.3733962604222116 1.3733962604222116 0 0
stats: users_count 0 0
stats: finish_users_count 0 0
# stats: dump at 1531432957
stats: users 4 5
stats: {freemem,"tsung_controller@a44da3f1c740"} 1 9503.8125 0.0 10309.046875 9503.8125 10309.046875 1
stats: {load,"tsung_controller@a44da3f1c740"} 1 3.96875 0.0 3.96875 2.5703125 2.5703125 1
stats: {cpu,"tsung_controller@a44da3f1c740"} 1 77.91687531296945 0.0 77.91687531296945 1.3733962604222116 1.3733962604222116 1
stats: session 1 3251.3271484375 0 3251.3271484375 3251.3271484375 0 0
stats: users_count 5 5
stats: finish_users_count 1 1
stats: request 1 3245.254150390625 0.0 3245.254150390625 3245.254150390625 0 0
stats: connect 5 59.256787109375 113.21643518501614 285.677978515625 1.60400390625 0 0
stats: page 1 3245.254150390625 0.0 3245.254150390625 3245.254150390625 0 0
stats: 200 1 1
stats: size_rcv 41 41
stats: size_sent 425 425
stats: connected 4 4
# stats: dump at 1531432967
stats: users 3 5
stats: {freemem,"tsung_controller@a44da3f1c740"} 1 9099.3984375 0.0 10309.046875 9099.3984375 9906.4296875 2
stats: {load,"tsung_controller@a44da3f1c740"} 1 4.12109375 0.0 4.12109375 2.5703125 3.26953125 2
stats: {cpu,"tsung_controller@a44da3f1c740"} 1 57.70358098636421 0.0 77.91687531296945 1.3733962604222116 39.64513578669583 2
stats: session 5 5595.1474609375 1287.1812673028116 7311.277099609375 3251.3271484375 3251.3271484375 1
stats: users_count 4 9
stats: finish_users_count 5 6
stats: request 5 5592.335009765625 1286.132873313884 7304.611083984375 3245.254150390625 3245.254150390625 1
stats: connect 3 5.686686197916667 4.825482137229483 285.677978515625 1.60400390625 59.256787109375 5
stats: page 5 5592.335009765625 1286.132873313884 7304.611083984375 3245.254150390625 3245.254150390625 1
stats: 200 5 6
stats: size_rcv 205 246
stats: size_sent 255 680
stats: connected -2 2
# stats: dump at 1531432977
stats: users 2 5
stats: {freemem,"tsung_controller@a44da3f1c740"} 1 9095.859375 0.0 10309.046875 9095.859375 9637.419270833334 3
stats: {load,"tsung_controller@a44da3f1c740"} 1 4.0 0.0 4.12109375 2.5703125 3.5533854166666665 3
stats: {cpu,"tsung_controller@a44da3f1c740"} 1 4.457633539588332 0.0 77.91687531296945 1.3733962604222116 45.66461751991863 3
stats: session 5 6291.908740234375 2036.4260770945336 9961.6279296875 3251.3271484375 5204.5107421875 6
stats: users_count 4 13
stats: finish_users_count 5 11
stats: request 4 6503.4459228515625 2226.2250141381123 9959.514892578125 3245.254150390625 5201.154866536458 6
stats: connect 5 2.914794921875 1.6144250837318734 285.677978515625 1.60400390625 39.167999267578125 8
stats: page 4 6503.4459228515625 2226.2250141381123 9959.514892578125 3245.254150390625 5201.154866536458 6
stats: 200 4 10
stats: size_rcv 165 411
stats: size_sent 425 1105
stats: connected 1 3
# stats: dump at 1531432987
stats: users 2 5
stats: {freemem,"tsung_controller@a44da3f1c740"} 1 9083.515625 0.0 10309.046875 9083.515625 9502.029296875 4
stats: {load,"tsung_controller@a44da3f1c740"} 1 3.62109375 0.0 4.12109375 2.5703125 3.6650390625 4
stats: {cpu,"tsung_controller@a44da3f1c740"} 1 5.512692882030861 0.0 77.91687531296945 1.3733962604222116 35.36287152483605 4
stats: session 4 4126.622009277344 1528.485549972793 9961.6279296875 1481.817138671875 5698.782559481534 11
stats: users_count 4 17
stats: finish_users_count 4 15
stats: request 5 4386.72021484375 1464.3024192401112 9959.514892578125 1479.503173828125 5722.0712890625 10
stats: connect 3 2.1390787760416665 0.32979246841882637 285.677978515625 1.60400390625 25.224459134615383 13
stats: page 5 4386.72021484375 1464.3024192401112 9959.514892578125 1479.503173828125 5722.0712890625 10
stats: 200 5 15
stats: size_rcv 210 621
stats: size_sent 255 1360
stats: connected -2 1
# stats: dump at 1531432997
stats: users 5 8
stats: {freemem,"tsung_controller@a44da3f1c740"} 1 9083.65234375 0.0 10309.046875 9083.515625 9418.3265625 5
stats: {load,"tsung_controller@a44da3f1c740"} 1 3.0703125 0.0 4.12109375 2.5703125 3.65625 5
stats: {cpu,"tsung_controller@a44da3f1c740"} 1 3.5763757713134363 0.0 77.91687531296945 1.3733962604222116 29.392835796275012 5
stats: session 7 4717.104422433035 1993.6162417216217 9961.6279296875 1088.677001953125 5279.53974609375 15
stats: users_count 10 27
stats: finish_users_count 7 22
stats: request 6 4352.73193359375 1928.7441912028296 9959.514892578125 1087.236083984375 5276.954264322917 15
stats: connect 11 1.9874822443181819 0.4606998941030332 285.677978515625 1.3330078125 20.895950317382813 16
stats: page 6 4352.73193359375 1928.7441912028296 9959.514892578125 1087.236083984375 5276.954264322917 15
stats: 200 6 21
stats: size_rcv 252 873
stats: size_sent 935 2295
stats: connected 5 6
# stats: dump at 1531433007
stats: users 2 8
stats: {freemem,"tsung_controller@a44da3f1c740"} 1 9077.44921875 0.0 10309.046875 9077.44921875 9362.547526041666 6
stats: {load,"tsung_controller@a44da3f1c740"} 1 2.58984375 0.0 4.12109375 2.5703125 3.55859375 6
stats: {cpu,"tsung_controller@a44da3f1c740"} 1 3.9644822411205602 0.0 77.91687531296945 1.3733962604222116 25.090092458781413 6
stats: session 7 5727.468540736607 2040.3787102224705 9961.6279296875 1088.677001953125 5100.583052201705 22
stats: users_count 4 31
stats: finish_users_count 7 29
stats: request 7 6257.342668805803 1767.249536059793 9959.514892578125 1087.236083984375 5012.890741257441 21
stats: connect 4 2.19256591796875 0.1867446286930396 285.677978515625 1.3330078125 13.192500361689815 27
stats: page 7 6257.342668805803 1767.249536059793 9959.514892578125 1087.236083984375 5012.890741257441 21
stats: 200 7 28
stats: size_rcv 294 1167
stats: size_sent 340 2635
stats: connected -3 3
# stats: dump at 1531433017
stats: users 1 8
stats: {freemem,"tsung_controller@a44da3f1c740"} 1 9077.73046875 0.0 10309.046875 9077.44921875 9321.81919642857 7
stats: {load,"tsung_controller@a44da3f1c740"} 1 2.6796875 0.0 4.12109375 2.5703125 3.420200892857143 7
stats: {cpu,"tsung_controller@a44da3f1c740"} 1 4.089079013588324 0.0 77.91687531296945 1.3733962604222116 22.07214814197272 7
stats: session 3 5450.666666666667 1294.0427986622265 9961.6279296875 1088.677001953125 5251.900239089439 29
stats: users_count 2 33
stats: finish_users_count 3 32
stats: request 4 4874.3623046875 1498.2980231022127 9959.514892578125 1087.236083984375 5324.003723144531 28
stats: connect 2 2.2464599609375 0.0404052734375 285.677978515625 1.3330078125 11.773153981854838 31
stats: page 4 4874.3623046875 1498.2980231022127 9959.514892578125 1087.236083984375 5324.003723144531 28
stats: 200 4 32
stats: size_rcv 168 1335
stats: size_sent 170 2805
stats: connected -2 1
# stats: dump at 1531433027
stats: users 3 8
stats: {freemem,"tsung_controller@a44da3f1c740"} 1 9077.51953125 0.0 10309.046875 9077.44921875 9291.30810546875 8
stats: {load,"tsung_controller@a44da3f1c740"} 1 2.26171875 0.0 4.12109375 2.26171875 3.32763671875 8
stats: {cpu,"tsung_controller@a44da3f1c740"} 1 2.8397060655125173 0.0 77.91687531296945 1.3733962604222116 19.82426450092467 8
stats: session 3 7222.087646484375 1961.934609160297 9961.6279296875 1088.677001953125 5270.534591674805 32
stats: users_count 5 38
stats: finish_users_count 3 35
stats: request 3 7220.032633463542 1961.8968831519264 9959.514892578125 1087.236083984375 5267.798545837402 32
stats: connect 5 1.951513671875 0.4135093189467124 285.677978515625 1.161865234375 11.195778586647727 33
stats: page 3 7220.032633463542 1961.8968831519264 9959.514892578125 1087.236083984375 5267.798545837402 32
stats: 200 3 35
stats: size_rcv 126 1461
stats: size_sent 425 3230
stats: connected 2 3
# stats: dump at 1531433037
stats: users 1 8
stats: {freemem,"tsung_controller@a44da3f1c740"} 1 9073.640625 0.0 10309.046875 9073.640625 9267.553819444445 9
stats: {load,"tsung_controller@a44da3f1c740"} 1 1.921875 0.0 4.12109375 1.921875 3.209201388888889 9
stats: {cpu,"tsung_controller@a44da3f1c740"} 1 3.675918979744936 0.0 77.91687531296945 1.3733962604222116 17.93709134143443 9
stats: session 4 6579.519470214844 2205.427303806552 9961.6279296875 1088.677001953125 5437.810567801339 35
stats: users_count 2 40
stats: finish_users_count 4 39
stats: request 4 6577.5767822265625 2205.3536249333015 9959.514892578125 1087.236083984375 5435.132896205357 35
stats: connect 2 2.14208984375 0.156005859375 285.677978515625 1.161865234375 9.979427939967104 38
stats: page 4 6577.5767822265625 2205.3536249333015 9959.514892578125 1087.236083984375 5435.132896205357 35
stats: 200 4 39
stats: size_rcv 168 1629
stats: size_sent 170 3400
stats: connected -2 1
# stats: dump at 1531433047
stats: users 5 8
stats: {freemem,"tsung_controller@a44da3f1c740"} 1 9074.453125 0.0 10309.046875 9073.640625 9248.1625 10
stats: {load,"tsung_controller@a44da3f1c740"} 1 1.76953125 0.0 4.12109375 1.76953125 3.08046875 10
stats: {cpu,"tsung_controller@a44da3f1c740"} 1 3.203604054561381 0.0 77.91687531296945 1.3733962604222116 16.510974105265483 10
stats: session 0 0 0 9961.6279296875 1088.677001953125 5554.908916766827 39
stats: users_count 4 44
stats: finish_users_count 0 39
stats: request 0 0 0 9959.514892578125 1087.236083984375 5552.306628104967 39
stats: connect 4 2.179931640625 0.18036961660725173 285.677978515625 1.161865234375 9.587561035156249 40
stats: page 0 0 0 9959.514892578125 1087.236083984375 5552.306628104967 39
stats: 200 0 39
stats: size_rcv 0 1629
stats: size_sent 340 3740
stats: connected 4 5
# stats: dump at 1531433057
stats: users 1 8
stats: {freemem,"tsung_controller@a44da3f1c740"} 1 9072.8046875 0.0 10309.046875 9072.8046875 9232.370738636364 11
stats: {load,"tsung_controller@a44da3f1c740"} 1 1.6015625 0.0 4.12109375 1.6015625 2.9612926136363638 11
stats: {cpu,"tsung_controller@a44da3f1c740"} 1 2.5881470367591897 0.0 77.91687531296945 1.3733962604222116 15.30121319156511 11
stats: session 5 9598.405810546876 7002.070157066141 23139.839111328125 1088.677001953125 5554.908916766827 39
stats: users_count 1 45
stats: finish_users_count 5 44
stats: request 5 9596.35927734375 7002.074581258272 23137.751953125 1087.236083984375 5552.306628104967 39
stats: connect 1 2.246826171875 0.0 285.677978515625 1.161865234375 8.914140181107953 44
stats: page 5 9596.35927734375 7002.074581258272 23137.751953125 1087.236083984375 5552.306628104967 39
stats: 200 5 44
stats: size_rcv 210 1839
stats: size_sent 85 3825
stats: connected -4 1
# stats: dump at 1531433067
stats: users 3 8
stats: {freemem,"tsung_controller@a44da3f1c740"} 1 9071.1796875 0.0 10309.046875 9071.1796875 9219.073567708334 12
stats: {load,"tsung_controller@a44da3f1c740"} 1 1.359375 0.0 4.12109375 1.359375 2.8479817708333335 12
stats: {cpu,"tsung_controller@a44da3f1c740"} 1 3.4877864517753716 0.0 77.91687531296945 1.3733962604222116 14.241791011997949 12
stats: session 2 7403.260498046875 3547.146484375 23139.839111328125 1088.677001953125 6014.397200150924 44
stats: users_count 4 49
stats: finish_users_count 2 46
stats: request 2 7401.760009765625 3547.288818359375 23137.751953125 1087.236083984375 6011.858065518466 44
stats: connect 4 1.94482421875 0.3266307321476875 285.677978515625 1.161865234375 8.765977647569443 45
stats: page 2 7401.760009765625 3547.288818359375 23137.751953125 1087.236083984375 6011.858065518466 44
stats: 200 2 46
stats: size_rcv 84 1923
stats: size_sent 340 4165
stats: connected 2 3
# stats: dump at 1531433077
stats: users 2 8
stats: {freemem,"tsung_controller@a44da3f1c740"} 1 9071.2421875 0.0 10309.046875 9071.1796875 9207.697115384615 13
stats: {load,"tsung_controller@a44da3f1c740"} 1 1.30859375 0.0 4.12109375 1.30859375 2.7334735576923075 13
stats: {cpu,"tsung_controller@a44da3f1c740"} 1 2.374145431945308 0.0 77.91687531296945 1.3733962604222116 13.414559891980828 13
stats: session 3 7061.350016276042 2080.525115574283 23139.839111328125 1088.677001953125 6074.7825609290085 46
stats: users_count 2 51
stats: finish_users_count 3 49
stats: request 3 7059.494710286458 2080.538421991756 23137.751953125 1087.236083984375 6072.28858483356 46
stats: connect 2 1.9906005859375 0.0474853515625 285.677978515625 1.161865234375 8.209148796237244 49
stats: page 3 7059.494710286458 2080.538421991756 23137.751953125 1087.236083984375 6072.28858483356 46
stats: 200 3 49
stats: size_rcv 126 2049
stats: size_sent 170 4335
stats: connected -1 2
# stats: dump at 1531433087
stats: users 3 8
stats: {freemem,"tsung_controller@a44da3f1c740"} 1 9070.73828125 0.0 10309.046875 9070.73828125 9197.95033482143 14
stats: {load,"tsung_controller@a44da3f1c740"} 1 1.109375 0.0 4.12109375 1.109375 2.6316964285714284 14
stats: {cpu,"tsung_controller@a44da3f1c740"} 1 1.8796068796068797 0.0 77.91687531296945 1.3733962604222116 12.625958859121146 14
stats: session 4 5591.161437988281 2978.209557474104 23139.839111328125 1088.677001953125 6135.184650031888 49
stats: users_count 5 56
stats: finish_users_count 4 53
stats: request 4 5589.385498046875 2978.2369190223203 23137.751953125 1087.236083984375 6132.729776187819 49
stats: connect 4 2.1807861328125 0.0486233805506884 285.677978515625 1.161865234375 7.965284160539214 51
stats: page 4 5589.385498046875 2978.2369190223203 23137.751953125 1087.236083984375 6132.729776187819 49
stats: 200 4 53
stats: size_rcv 168 2217
stats: size_sent 340 4675
stats: connected 0 2
# stats: dump at 1531433097
stats: users 4 8
stats: {freemem,"tsung_controller@a44da3f1c740"} 1 9071.71875 0.0 10309.046875 9070.73828125 9189.46953125 15
stats: {load,"tsung_controller@a44da3f1c740"} 1 0.94140625 0.0 4.12109375 0.94140625 2.5302083333333334 15
stats: {cpu,"tsung_controller@a44da3f1c740"} 1 2.8567879766488633 0.0 77.91687531296945 1.3733962604222116 11.909535393820196 15
stats: session 4 8154.1973876953125 6625.283344400711 23139.839111328125 1088.677001953125 6094.126294405955 53
stats: users_count 5 61
stats: finish_users_count 4 57
stats: request 4 8152.2364501953125 6625.280957808352 23137.751953125 1087.236083984375 6091.722660856427 53
stats: connect 6 1.8905029296875 0.4078761773314082 285.677978515625 1.161865234375 7.544593394886363 55
stats: page 4 8152.2364501953125 6625.280957808352 23137.751953125 1087.236083984375 6091.722660856427 53
stats: 200 4 57
stats: size_rcv 168 2385
stats: size_sent 510 5185
stats: connected 2 4
# stats: dump at 1531433107
stats: users 1 8
stats: {freemem,"tsung_controller@a44da3f1c740"} 1 9050.3359375 0.0 10309.046875 9050.3359375 9182.110107421875 16
stats: {load,"tsung_controller@a44da3f1c740"} 1 0.7890625 0.0 4.12109375 0.7890625 2.430908203125 16
stats: {cpu,"tsung_controller@a44da3f1c740"} 1 5.646606914212548 0.0 77.91687531296945 1.3733962604222116 11.343738680246988 16
stats: session 8 5419.415588378906 1877.4217223674048 23139.839111328125 1088.677001953125 6238.6926869174895 57
stats: users_count 5 66
stats: finish_users_count 8 65
stats: request 8 5417.600128173828 1877.6557492783222 23137.751953125 1087.236083984375 6236.320119757402 57
stats: connect 5 2.073193359375 0.1645408849258896 285.677978515625 1.161865234375 6.988453349129097 61
stats: page 8 5417.600128173828 1877.6557492783222 23137.751953125 1087.236083984375 6236.320119757402 57
stats: 200 8 65
stats: size_rcv 336 2721
stats: size_sent 425 5610
stats: connected -3 1
# stats: dump at 1531433117
stats: users 4 8
stats: {freemem,"tsung_controller@a44da3f1c740"} 1 9050.125 0.0 10309.046875 9050.125 9174.358685661764 17
stats: {load,"tsung_controller@a44da3f1c740"} 1 0.75 0.0 4.12109375 0.75 2.334329044117647 17
stats: {cpu,"tsung_controller@a44da3f1c740"} 1 2.8681880533732382 0.0 77.91687531296945 1.3733962604222116 11.008613282244962 17
stats: session 2 5911.1085205078125 1819.5015869140625 23139.839111328125 1088.677001953125 6137.858582481971 65
stats: users_count 5 71
stats: finish_users_count 2 67
stats: request 2 5909.218994140625 1819.759033203125 23137.751953125 1087.236083984375 6135.554582331731 65
stats: connect 5 1.8099609375 0.35441246628546363 285.677978515625 1.161865234375 6.61608516808712 66
stats: page 2 5909.218994140625 1819.759033203125 23137.751953125 1087.236083984375 6135.554582331731 65
stats: 200 2 67
stats: size_rcv 84 2805
stats: size_sent 425 6035
stats: connected 3 4
# stats: dump at 1531433127
stats: users 2 8
stats: {freemem,"tsung_controller@a44da3f1c740"} 1 9055.08203125 0.0 10309.046875 9050.125 9167.456814236111 18
stats: {load,"tsung_controller@a44da3f1c740"} 1 1.51953125 0.0 4.12109375 0.75 2.246310763888889 18
stats: {cpu,"tsung_controller@a44da3f1c740"} 1 3.453906053755338 0.0 77.91687531296945 1.3733962604222116 10.556367436196533 18
stats: session 6 5135.3698323567705 4175.14557257137 23139.839111328125 45.883056640625 6131.089923915579 67
stats: users_count 4 75
stats: finish_users_count 6 73
stats: request 6 5133.5264078776045 4174.865810028971 23137.751953125 44.211181640625 6128.798296117071 67
stats: connect 4 2.1754150390625 0.2563664020768677 285.677978515625 1.161865234375 6.277625715228872 71
stats: page 6 5133.5264078776045 4174.865810028971 23137.751953125 44.211181640625 6128.798296117071 67
stats: 200 5 72
stats: size_rcv 357 3162
stats: size_sent 340 6375
stats: connected -2 2
stats: 500 1 1
# stats: dump at 1531433137
stats: users 1 8
stats: {freemem,"tsung_controller@a44da3f1c740"} 1 9054.37890625 0.0 10309.046875 9050.125 9161.542351973685 19
stats: {load,"tsung_controller@a44da3f1c740"} 1 1.28125 0.0 4.12109375 0.75 2.208059210526316 19
stats: {cpu,"tsung_controller@a44da3f1c740"} 1 3.4032399849303028 0.0 77.91687531296945 1.3733962604222116 10.182553679225943 19
stats: session 2 7323.887451171875 2396.816650390625 23139.839111328125 45.883056640625 6049.249916390197 73
stats: users_count 1 76
stats: finish_users_count 2 75
stats: request 2 7321.659423828125 2396.4404296875 23137.751953125 44.211181640625 6046.995127220676 73
stats: connect 1 2.40185546875 0.0 285.677978515625 1.161865234375 6.058841145833332 75
stats: page 2 7321.659423828125 2396.4404296875 23137.751953125 44.211181640625 6046.995127220676 73
stats: 200 2 74
stats: size_rcv 84 3246
stats: size_sent 85 6460
stats: connected -1 1
stats: 500 0 1
# stats: dump at 1531433147
stats: users 1 8
stats: {freemem,"tsung_controller@a44da3f1c740"} 1 9054.73046875 0.0 10309.046875 9050.125 9156.184179687501 20
stats: {load,"tsung_controller@a44da3f1c740"} 1 1.08984375 0.0 4.12109375 0.75 2.16171875 20
stats: {cpu,"tsung_controller@a44da3f1c740"} 1 3.494218200100553 0.0 77.91687531296945 1.3733962604222116 9.843587994511163 20
stats: session 1 9292.623046875 0.0 23139.839111328125 45.883056640625 6083.240250651042 75
stats: users_count 1 77
stats: finish_users_count 1 76
stats: request 1 9290.89697265625 0.0 23137.751953125 44.211181640625 6080.986175130209 75
stats: connect 1 1.801025390625 0.0 285.677978515625 1.161865234375 6.010722913240131 76
stats: page 1 9290.89697265625 0.0 23137.751953125 44.211181640625 6080.986175130209 75
stats: 200 1 75
stats: size_rcv 42 3288
stats: size_sent 85 6545
stats: connected 0 1
stats: 500 0 1
# stats: dump at 1531433157
stats: users 2 8
stats: {freemem,"tsung_controller@a44da3f1c740"} 1 9067.61328125 0.0 10309.046875 9050.125 9151.35305059524 21
stats: {load,"tsung_controller@a44da3f1c740"} 1 0.921875 0.0 4.12109375 0.75 2.1106770833333335 21
stats: {cpu,"tsung_controller@a44da3f1c740"} 1 3.13084695023076 0.0 77.91687531296945 1.3733962604222116 9.54123705192018 21
stats: session 4 4902.228820800781 4600.022740755448 23139.839111328125 45.883056640625 6125.468971653989 76
stats: users_count 5 82
stats: finish_users_count 4 80
stats: request 4 4900.2474365234375 4600.02520196783 23137.751953125 44.211181640625 6123.221843518709 76
stats: connect 5 2.30537109375 0.4504924305101024 285.677978515625 1.161865234375 5.956051516842532 77
stats: page 4 4900.2474365234375 4600.02520196783 23137.751953125 44.211181640625 6123.221843518709 76
stats: 200 4 79
stats: size_rcv 168 3456
stats: size_sent 425 6970
stats: connected 1 2
stats: 500 0 1
# stats: dump at 1531433167
stats: users 3 8
stats: {freemem,"tsung_controller@a44da3f1c740"} 1 9067.22265625 0.0 10309.046875 9050.125 9147.546697443184 22
stats: {load,"tsung_controller@a44da3f1c740"} 1 0.78125 0.0 4.12109375 0.75 2.056640625 22
stats: {cpu,"tsung_controller@a44da3f1c740"} 1 2.714875516076567 0.0 77.91687531296945 1.3733962604222116 9.249855683661572 22
stats: session 3 5841.202311197917 2931.626475130225 23139.839111328125 45.883056640625 6064.306964111328 80
stats: users_count 4 86
stats: finish_users_count 3 83
stats: request 3 5839.341959635417 2931.48582508766 23137.751953125 44.211181640625 6062.073123168945 80
stats: connect 4 1.88848876953125 0.2144081815586173 285.677978515625 1.161865234375 5.733449052019816 82
stats: page 3 5839.341959635417 2931.48582508766 23137.751953125 44.211181640625 6062.073123168945 80
stats: 200 3 82
stats: size_rcv 126 3582
stats: size_sent 340 7310
stats: connected 1 3
stats: 500 0 1
# stats: dump at 1531433177
stats: users 6 8
stats: {freemem,"tsung_controller@a44da3f1c740"} 1 9068.09765625 0.0 10309.046875 9050.125 9144.05434782609 23
stats: {load,"tsung_controller@a44da3f1c740"} 1 0.8203125 0.0 4.12109375 0.75 2.0011888586956523 23
stats: {cpu,"tsung_controller@a44da3f1c740"} 1 2.9617595601099724 0.0 77.91687531296945 1.3733962604222116 8.965726111157878 23
stats: session 6 4523.985595703125 1614.850957674761 23139.839111328125 45.883056640625 6056.242940512048 83
stats: users_count 9 95
stats: finish_users_count 6 89
stats: request 6 4519.616617838542 1615.4224189057657 23137.751953125 44.211181640625 6054.022599185806 83
stats: connect 9 1.8931749131944444 0.4394660568950945 285.677978515625 1.161865234375 5.554613690043604 86
stats: page 6 4519.616617838542 1615.4224189057657 23137.751953125 44.211181640625 6054.022599185806 83
stats: 200 6 88
stats: size_rcv 252 3834
stats: size_sent 765 8075
stats: connected 3 6
stats: 500 0 1
# stats: dump at 1531433187
stats: users 4 8
stats: {freemem,"tsung_controller@a44da3f1c740"} 1 9067.578125 0.0 10309.046875 9050.125 9140.889485677086 24
stats: {load,"tsung_controller@a44da3f1c740"} 1 0.69140625 0.0 4.12109375 0.69140625 1.9519856770833333 24
stats: {cpu,"tsung_controller@a44da3f1c740"} 1 2.7809094325441563 0.0 77.91687531296945 1.3733962604222116 8.715560838197549 24
stats: session 10 5823.012841796875 2534.633377108498 23139.839111328125 45.883056640625 5952.944692547401 89
stats: users_count 8 103
stats: finish_users_count 10 99
stats: request 10 5820.205053710937 2534.2337285392127 23137.751953125 44.211181640625 5950.579499319698 89
stats: connect 8 2.237213134765625 0.23742992526493692 285.677978515625 1.161865234375 5.207740542763157 95
stats: page 10 5820.205053710937 2534.2337285392127 23137.751953125 44.211181640625 5950.579499319698 89
stats: 200 10 98
stats: size_rcv 420 4254
stats: size_sent 680 8755
stats: connected -2 4
stats: 500 0 1
# stats: dump at 1531433197
stats: users 1 8
stats: {freemem,"tsung_controller@a44da3f1c740"} 1 9066.78515625 0.0 10309.046875 9050.125 9137.957031250002 25
stats: {load,"tsung_controller@a44da3f1c740"} 1 0.578125 0.0 4.12109375 0.578125 1.9015625 25
stats: {cpu,"tsung_controller@a44da3f1c740"} 1 4.211054016794084 0.0 77.91687531296945 1.3733962604222116 8.478174781971413 25
stats: session 4 8426.963012695313 2148.0937701047465 23139.839111328125 45.883056640625 5939.820263178662 99
stats: users_count 1 104
stats: finish_users_count 4 103
stats: request 4 8424.737487792969 2147.945707214235 23137.751953125 44.211181640625 5937.410363399621 99
stats: connect 1 8.712890625 0.0 285.677978515625 1.161865234375 4.977019967384709 103
stats: page 4 8424.737487792969 2147.945707214235 23137.751953125 44.211181640625 5937.410363399621 99
stats: 200 4 102
stats: size_rcv 171 4425
stats: size_sent 85 8840
stats: connected -3 1
stats: 500 0 1
# stats: dump at 1531433207
stats: users 3 8
stats: {freemem,"tsung_controller@a44da3f1c740"} 1 9066.85546875 0.0 10309.046875 9050.125 9135.21965144231 26
stats: {load,"tsung_controller@a44da3f1c740"} 1 0.640625 0.0 4.12109375 0.578125 1.8506610576923077 26
stats: {cpu,"tsung_controller@a44da3f1c740"} 1 2.5359150530918173 0.0 77.91687531296945 1.3733962604222116 8.314054752541516 26
stats: session 3 3628.158935546875 2288.4849600394177 23139.839111328125 45.883056640625 6036.408331121056 103
stats: users_count 5 109
stats: finish_users_count 3 106
stats: request 3 3626.3889973958335 2288.5517229331017 23137.751953125 44.211181640625 6034.0055915314015 103
stats: connect 5 2.388818359375 0.30556559478759304 285.677978515625 1.161865234375 5.01294180063101 104
stats: page 3 3626.3889973958335 2288.5517229331017 23137.751953125 44.211181640625 6034.0055915314015 103
stats: 200 3 105
stats: size_rcv 129 4554
stats: size_sent 425 9265
stats: connected 2 3
stats: 500 0 1
# stats: dump at 1531433217
stats: users 7 8
stats: {freemem,"tsung_controller@a44da3f1c740"} 1 9066.1953125 0.0 10309.046875 9050.125 9132.687644675929 27
stats: {load,"tsung_controller@a44da3f1c740"} 1 0.5390625 0.0 4.12109375 0.5390625 1.8058449074074074 27
stats: {cpu,"tsung_controller@a44da3f1c740"} 1 3.8628203540918657 0.0 77.91687531296945 1.3733962604222116 8.100049578487825 27
stats: session 3 7501.204996744792 1586.1547849918124 23139.839111328125 45.883056640625 5968.250329359523 106
stats: users_count 7 116
stats: finish_users_count 3 109
stats: request 3 7499.229085286458 1586.2684757873944 23137.751953125 44.211181640625 5965.865499244546 106
stats: connect 7 4.754289899553571 6.340475889615069 285.677978515625 1.161865234375 4.892569165711009 109
stats: page 3 7499.229085286458 1586.2684757873944 23137.751953125 44.211181640625 5965.865499244546 106
stats: 200 3 108
stats: size_rcv 129 4683
stats: size_sent 595 9860
stats: connected 4 7
stats: 500 0 1
# stats: dump at 1531433227
stats: users 2 8
stats: {freemem,"tsung_controller@a44da3f1c740"} 1 9059.5703125 0.0 10309.046875 9050.125 9130.312918526788 28
stats: {load,"tsung_controller@a44da3f1c740"} 1 0.4609375 0.0 4.12109375 0.4609375 1.7606026785714286 28
stats: {cpu,"tsung_controller@a44da3f1c740"} 1 1.639344262295082 0.0 77.91687531296945 1.3733962604222116 7.948719963330826 28
stats: session 7 8018.3349609375 3862.182225078339 23139.839111328125 45.883056640625 6010.441742223337 109
stats: users_count 2 118
stats: finish_users_count 7 116
stats: request 7 8016.380510602678 3862.342516791868 23137.751953125 44.211181640625 6008.068166750287 109
stats: connect 2 2.1939697265625 0.0909423828125 285.677978515625 1.161865234375 4.884224727235991 116
stats: page 7 8016.380510602678 3862.342516791868 23137.751953125 44.211181640625 6008.068166750287 109
stats: 200 7 115
stats: size_rcv 301 4984
stats: size_sent 170 10030
stats: connected -5 2
stats: 500 0 1
# stats: dump at 1531433237
stats: users 2 8
stats: {freemem,"tsung_controller@a44da3f1c740"} 1 9059.25390625 0.0 10309.046875 9050.125 9127.873518318967 29
stats: {load,"tsung_controller@a44da3f1c740"} 1 0.5390625 0.0 4.12109375 0.4609375 1.7157866379310345 29
stats: {cpu,"tsung_controller@a44da3f1c740"} 1 2.5081108060893436 0.0 77.91687531296945 1.3733962604222116 7.731155283984767 29
stats: session 5 7699.83759765625 3168.3886123094494 23139.839111328125 45.883056640625 6131.607712318158 116
stats: users_count 5 123
stats: finish_users_count 5 121
stats: request 5 7698.066845703125 3168.2280965621767 23137.751953125 44.211181640625 6129.259428879311 116
stats: connect 5 6.32275390625 8.23860401373225 285.677978515625 1.161865234375 4.838627184851695 118
stats: page 5 7698.066845703125 3168.2280965621767 23137.751953125 44.211181640625 6129.259428879311 116
stats: 200 5 120
stats: size_rcv 215 5199
stats: size_sent 425 10455
stats: connected 0 2
stats: 500 0 1
# stats: dump at 1531433247
stats: users 7 8
stats: {freemem,"tsung_controller@a44da3f1c740"} 1 9053.7578125 0.0 10309.046875 9050.125 9125.58619791667 30
stats: {load,"tsung_controller@a44da3f1c740"} 1 0.8203125 0.0 4.12109375 0.4609375 1.6765625 30
stats: {cpu,"tsung_controller@a44da3f1c740"} 1 3.440080060045034 0.0 77.91687531296945 1.3733962604222116 7.5570538013882524 30
stats: session 5 5988.866357421875 4887.573125786035 23139.839111328125 45.883056640625 6196.410600142045 121
stats: users_count 10 133
stats: finish_users_count 5 126
stats: request 5 5986.8751953125 4887.590424879178 23137.751953125 44.211181640625 6194.086181640625 121
stats: connect 10 2.0869140625 0.47492899865996596 285.677978515625 1.161865234375 4.898957539380081 123
stats: page 5 5986.8751953125 4887.590424879178 23137.751953125 44.211181640625 6194.086181640625 121
stats: 200 5 125
stats: size_rcv 215 5414
stats: size_sent 850 11305
stats: connected 5 7
stats: 500 0 1
# stats: dump at 1531433257
stats: users 4 8
stats: {freemem,"tsung_controller@a44da3f1c740"} 1 9051.03515625 0.0 10309.046875 9050.125 9123.269153225809 31
stats: {load,"tsung_controller@a44da3f1c740"} 1 0.69921875 0.0 4.12109375 0.4609375 1.6489415322580645 31
stats: {cpu,"tsung_controller@a44da3f1c740"} 1 3.809283551967709 0.0 77.91687531296945 1.3733962604222116 7.424248196828794 31
stats: session 8 6848.559753417969 2463.479201051092 23139.839111328125 45.883056640625 6188.174717494419 126
stats: users_count 5 138
stats: finish_users_count 8 134
stats: request 8 6843.9295654296875 2465.4851882819253 23137.751953125 44.211181640625 6185.863523453001 126
stats: connect 5 2.1564453125 0.24275237135509703 285.677978515625 1.161865234375 4.6875256990131575 133
stats: page 8 6843.9295654296875 2465.4851882819253 23137.751953125 44.211181640625 6185.863523453001 126
stats: 200 8 133
stats: size_rcv 344 5758
stats: size_sent 425 11730
stats: connected -3 4
stats: 500 0 1
# stats: dump at 1531433267
stats: users 3 8
stats: {freemem,"tsung_controller@a44da3f1c740"} 1 9050.04296875 0.0 10309.046875 9050.04296875 9121.011840820314 32
stats: {load,"tsung_controller@a44da3f1c740"} 1 0.62109375 0.0 4.12109375 0.4609375 1.6192626953125 32
stats: {cpu,"tsung_controller@a44da3f1c740"} 1 3.7731103005911204 0.0 77.91687531296945 1.3733962604222116 7.311280551676885 32
stats: session 4 8450.609680175781 4429.368493042278 23139.839111328125 45.883056640625 6227.600689788363 134
stats: users_count 3 141
stats: finish_users_count 4 138
stats: request 4 8448.410217285156 4429.512673511696 23137.751953125 44.211181640625 6225.151048347131 134
stats: connect 3 1.7683919270833333 0.3328430026487944 285.677978515625 1.161865234375 4.595819887907608 138
stats: page 4 8448.410217285156 4429.512673511696 23137.751953125 44.211181640625 6225.151048347131 134
stats: 200 4 137
stats: size_rcv 172 5930
stats: size_sent 255 11985
stats: connected -1 3
stats: 500 0 1
# stats: dump at 1531433277
stats: users 3 8
stats: {freemem,"tsung_controller@a44da3f1c740"} 1 9046.90234375 0.0 10309.046875 9046.90234375 9118.861268939396 33
stats: {load,"tsung_controller@a44da3f1c740"} 1 0.609375 0.0 4.12109375 0.4609375 1.5890151515151516 33
stats: {cpu,"tsung_controller@a44da3f1c740"} 1 3.7041671880865974 0.0 77.91687531296945 1.3733962604222116 7.204063271340953 33
stats: session 7 7200.720110212053 3984.724241160526 23139.839111328125 45.883056640625 6292.035732987998 138
stats: users_count 7 148
stats: finish_users_count 7 145
stats: request 7 7198.870152064732 3984.5409156143887 23137.751953125 44.211181640625 6289.593343098958 138
stats: connect 7 2.3758370535714284 0.2486973905946706 285.677978515625 1.161865234375 4.535661846187943 141
stats: page 7 7198.870152064732 3984.5409156143887 23137.751953125 44.211181640625 6289.593343098958 138
stats: 200 7 144
stats: size_rcv 301 6231
stats: size_sent 595 12580
stats: connected 0 3
stats: 500 0 1
# stats: dump at 1531433287
stats: users 4 8
stats: {freemem,"tsung_controller@a44da3f1c740"} 1 9041.26953125 0.0 10309.046875 9041.26953125 9116.744829963238 34
stats: {load,"tsung_controller@a44da3f1c740"} 1 0.51171875 0.0 4.12109375 0.4609375 1.560202205882353 34
stats: {cpu,"tsung_controller@a44da3f1c740"} 1 3.608891108891109 0.0 77.91687531296945 1.3733962604222116 7.101125151245236 34
stats: session 4 5676.297546386719 4136.944459686346 23139.839111328125 45.883056640625 6335.903254647091 145
stats: users_count 5 153
stats: finish_users_count 4 149
stats: request 3 6731.468017578125 4283.379799742001 23137.751953125 44.211181640625 6333.489464911099 145
stats: connect 5 4.726611328125 5.787439267311539 285.677978515625 1.161865234375 4.433507970861487 148
stats: page 3 6731.468017578125 4283.379799742001 23137.751953125 44.211181640625 6333.489464911099 145
stats: 200 3 147
stats: size_rcv 129 6360
stats: size_sent 425 13005
stats: connected 2 5
stats: 500 0 1
# stats: dump at 1531433297
stats: users 6 8
stats: {freemem,"tsung_controller@a44da3f1c740"} 1 9051.7578125 0.0 10309.046875 9041.26953125 9114.588392857146 35
stats: {load,"tsung_controller@a44da3f1c740"} 1 0.51171875 0.0 4.12109375 0.4609375 1.5302455357142857 35
stats: {cpu,"tsung_controller@a44da3f1c740"} 1 3.4447949526813884 0.0 77.91687531296945 1.3733962604222116 7.001347035749403 35
stats: session 3 7898.878987630208 4459.162996758405 23139.839111328125 45.883056640625 6318.195718854866 149
stats: users_count 5 158
stats: finish_users_count 3 152
stats: request 4 6543.218994140625 4514.645032826781 23137.751953125 44.211181640625 6341.556597735431 148
stats: connect 5 2.2828125 0.164034639445232 285.677978515625 1.161865234375 4.443086511948529 153
stats: page 4 6543.218994140625 4514.645032826781 23137.751953125 44.211181640625 6341.556597735431 148
stats: 200 4 151
stats: size_rcv 172 6532
stats: size_sent 425 13430
stats: connected 1 6
stats: 500 0 1
# stats: dump at 1531433307
stats: users 6 8
stats: {freemem,"tsung_controller@a44da3f1c740"} 1 9043.8515625 0.0 10309.046875 9041.26953125 9112.843098958336 36
stats: {load,"tsung_controller@a44da3f1c740"} 1 0.51171875 0.0 4.12109375 0.4609375 1.501953125 36
stats: {cpu,"tsung_controller@a44da3f1c740"} 1 4.608585858585858 0.0 77.91687531296945 1.3733962604222116 6.902553922330847 36
stats: session 5 7528.97412109375 4572.422133292331 23139.839111328125 45.883056640625 6349.393414949116 152
stats: users_count 5 163
stats: finish_users_count 5 157
stats: request 5 7527.291748046875 4572.432415720934 23137.751953125 44.211181640625 6346.863502903989 152
stats: connect 5 2.166162109375 0.25490991908663513 285.677978515625 1.161865234375 4.374723410304588 158
stats: page 5 7527.291748046875 4572.432415720934 23137.751953125 44.211181640625 6346.863502903989 152
stats: 200 5 156
stats: size_rcv 215 6747
stats: size_sent 425 13855
stats: connected 0 6
stats: 500 0 1
# stats: dump at 1531433317
stats: users 4 8
stats: {freemem,"tsung_controller@a44da3f1c740"} 1 9035.4609375 0.0 10309.046875 9035.4609375 9110.97846283784 37
stats: {load,"tsung_controller@a44da3f1c740"} 1 0.4296875 0.0 4.12109375 0.4296875 1.4751900337837838 37
stats: {cpu,"tsung_controller@a44da3f1c740"} 1 2.9934869739478955 0.0 77.91687531296945 1.3733962604222116 6.840554785472874 37
stats: session 10 8415.88740234375 5555.876490065205 23139.839111328125 45.883056640625 6386.9596794760155 157
stats: users_count 8 171
stats: finish_users_count 10 167
stats: request 10 8414.014428710938 5555.896572341902 23137.751953125 44.211181640625 6384.45675911873 157
stats: connect 8 2.23297119140625 0.6062304811924094 285.677978515625 1.161865234375 4.306976131134968 163
stats: page 10 8414.014428710938 5555.896572341902 23137.751953125 44.211181640625 6384.45675911873 157
stats: 200 10 166
stats: size_rcv 430 7177
stats: size_sent 680 14535
stats: connected -2 4
stats: 500 0 1
# stats: dump at 1531433327
stats: users 4 8
stats: {freemem,"tsung_controller@a44da3f1c740"} 0 0 0 10309.046875 9035.4609375 9108.991159539477 38
stats: {load,"tsung_controller@a44da3f1c740"} 0 0 0 4.12109375 0.4296875 1.4476768092105263 38
stats: {cpu,"tsung_controller@a44da3f1c740"} 0 0 0 77.91687531296945 1.3733962604222116 6.739316158853796 38
stats: session 3 10242.825520833334 2004.4469537652035 23139.839111328125 45.883056640625 6508.452357492047 167
stats: users_count 3 174
stats: finish_users_count 3 170
stats: request 3 10241.177001953125 2004.6048776903383 23137.751953125 44.211181640625 6505.987158495509 167
stats: connect 2 2.198974609375 0.260986328125 285.677978515625 1.161865234375 4.209946660270467 171
stats: page 3 10241.177001953125 2004.6048776903383 23137.751953125 44.211181640625 6505.987158495509 167
stats: 200 3 169
stats: size_rcv 129 7306
stats: size_sent 170 14705
stats: connected -1 3
stats: 500 0 1
# stats: dump at 1531433337
stats: users 7 8
stats: {freemem,"tsung_controller@a44da3f1c740"} 1 9032.33984375 0.0 10309.046875 9032.33984375 9108.991159539477 38
stats: {load,"tsung_controller@a44da3f1c740"} 1 0.44140625 0.0 4.12109375 0.4296875 1.4476768092105263 38
stats: {cpu,"tsung_controller@a44da3f1c740"} 1 3.7719298245614032 0.0 77.91687531296945 1.3733962604222116 6.739316158853796 38
stats: session 3 5571.427001953125 3078.147823459366 23139.839111328125 45.883056640625 6574.35306037454 170
stats: users_count 6 180
stats: finish_users_count 3 173
stats: request 3 5569.6123046875 3078.2895902112223 23137.751953125 44.211181640625 6571.902273380055 170
stats: connect 7 1.7125418526785714 0.38324181546822295 285.677978515625 1.161865234375 4.186698428468207 173
stats: page 3 5569.6123046875 3078.2895902112223 23137.751953125 44.211181640625 6571.902273380055 170
stats: 200 3 172
stats: size_rcv 129 7435
stats: size_sent 595 15300
stats: connected 4 7
stats: 500 0 1
# stats: dump at 1531433347
stats: users 4 8
stats: {freemem,"tsung_controller@a44da3f1c740"} 1 9024.984375 0.0 10309.046875 9024.984375 9107.0257411859 39
stats: {load,"tsung_controller@a44da3f1c740"} 1 1.421875 0.0 4.12109375 0.4296875 1.421875 39
stats: {cpu,"tsung_controller@a44da3f1c740"} 1 2.868903579892728 0.0 77.91687531296945 1.3733962604222116 6.6632293297693765 39
stats: session 5 12013.72421875 10581.30586223558 29977.73291015625 45.883056640625 6556.961279014631 173
stats: users_count 2 182
stats: finish_users_count 5 178
stats: request 5 12011.874755859375 10581.513780616091 29976.10205078125 44.211181640625 6554.521522477872 173
stats: connect 2 2.3349609375 0.013916015625 285.677978515625 1.161865234375 4.090481228298611 180
stats: page 5 12011.874755859375 10581.513780616091 29976.10205078125 44.211181640625 6554.521522477872 173
stats: 200 5 177
stats: size_rcv 215 7650
stats: size_sent 170 15470
stats: connected -3 4
stats: 500 0 1
# stats: dump at 1531433357
stats: users 4 8
stats: {freemem,"tsung_controller@a44da3f1c740"} 1 9020.796875 0.0 10309.046875 9020.796875 9104.974707031253 40
stats: {load,"tsung_controller@a44da3f1c740"} 1 1.19921875 0.0 4.12109375 0.4296875 1.421875 40
stats: {cpu,"tsung_controller@a44da3f1c740"} 1 3.6622199848980617 0.0 77.91687531296945 1.3733962604222116 6.5683711860224605 40
stats: session 5 11767.60625 6212.578363186117 29977.73291015625 45.883056640625 6710.241136872367 178
stats: users_count 5 187
stats: finish_users_count 5 183
stats: request 5 11765.720068359375 6212.5185057974895 29976.10205078125 44.211181640625 6707.817961617802 178
stats: connect 4 2.26458740234375 0.086904353767511 285.677978515625 1.161865234375 4.071189796531593 182
stats: page 5 11765.720068359375 6212.5185057974895 29976.10205078125 44.211181640625 6707.817961617802 178
stats: 200 5 182
stats: size_rcv 215 7865
stats: size_sent 340 15810
stats: connected -1 3
stats: 500 0 1
# stats: dump at 1531433367
stats: users 5 8
stats: {freemem,"tsung_controller@a44da3f1c740"} 1 9013.36328125 0.0 10309.046875 9013.36328125 9102.921589176833 41
stats: {load,"tsung_controller@a44da3f1c740"} 1 1.01171875 0.0 4.12109375 0.4296875 1.4164443597560976 41
stats: {cpu,"tsung_controller@a44da3f1c740"} 1 2.1376498208328187 0.0 77.91687531296945 1.3733962604222116 6.49748944940967 41
stats: session 3 6102.479410807292 2559.496799150998 29977.73291015625 45.883056640625 6848.420511547985 183
stats: users_count 4 191
stats: finish_users_count 3 186
stats: request 3 6100.429036458333 2559.354355425927 29976.10205078125 44.211181640625 6846.012008250085 183
stats: connect 5 2.147607421875 0.12866221129324712 285.677978515625 1.161865234375 4.032338132140456 186
stats: page 3 6100.429036458333 2559.354355425927 29976.10205078125 44.211181640625 6846.012008250085 183
stats: 200 3 185
stats: size_rcv 129 7994
stats: size_sent 425 16235
stats: connected 2 5
stats: 500 0 1
# stats: dump at 1531433377
stats: users 3 8
stats: {freemem,"tsung_controller@a44da3f1c740"} 1 9012.51171875 0.0 10309.046875 9012.51171875 9100.789248511908 42
stats: {load,"tsung_controller@a44da3f1c740"} 1 0.859375 0.0 4.12109375 0.4296875 1.4068080357142858 42
stats: {cpu,"tsung_controller@a44da3f1c740"} 1 1.6232961586121437 0.0 77.91687531296945 1.3733962604222116 6.3936837439673635 42
stats: session 9 7901.957492404514 5891.883472978022 29977.73291015625 45.883056640625 6836.389203471522 186
stats: users_count 7 198
stats: finish_users_count 9 195
stats: request 9 7900.280246310764 5891.923210554107 29976.10205078125 44.211181640625 6833.986476446993 186
stats: connect 7 2.2088797433035716 0.3182296249719498 285.677978515625 1.161865234375 3.9829996318717273 191
stats: page 9 7900.280246310764 5891.923210554107 29976.10205078125 44.211181640625 6833.986476446993 186
stats: 200 9 194
stats: size_rcv 387 8381
stats: size_sent 595 16830
stats: connected -2 3
stats: 500 0 1
# stats: dump at 1531433387
stats: users 7 8
stats: {freemem,"tsung_controller@a44da3f1c740"} 1 9003.91796875 0.0 10309.046875 9003.91796875 9098.73628270349 43
stats: {load,"tsung_controller@a44da3f1c740"} 1 0.71875 0.0 4.12109375 0.4296875 1.394077034883721 43
stats: {cpu,"tsung_controller@a44da3f1c740"} 1 3.0404984423676016 0.0 77.91687531296945 1.3733962604222116 6.282744497796313 43
stats: session 3 6673.735677083333 4525.419415557534 29977.73291015625 45.883056640625 6885.569278345352 195
stats: users_count 7 205
stats: finish_users_count 3 198
stats: request 3 6672.167317708333 4525.535971008189 29976.10205078125 44.211181640625 6883.200035056089 195
stats: connect 7 2.2308523995535716 0.7576995996653983 285.677978515625 1.161865234375 3.9202782216698226 198
stats: page 3 6672.167317708333 4525.535971008189 29976.10205078125 44.211181640625 6883.200035056089 195
stats: 200 3 197
stats: size_rcv 129 8510
stats: size_sent 595 17425
stats: connected 4 7
stats: 500 0 1
# stats: dump at 1531433397
stats: users 1 8
stats: {freemem,"tsung_controller@a44da3f1c740"} 1 8999.46875 0.0 10309.046875 8999.46875 9096.581321022728 44
stats: {load,"tsung_controller@a44da3f1c740"} 1 0.609375 0.0 4.12109375 0.4296875 1.3787286931818183 44
stats: {cpu,"tsung_controller@a44da3f1c740"} 1 3.86691776522285 0.0 77.91687531296945 1.3733962604222116 6.20905708744566 44
stats: session 7 12545.568045479911 5821.681236622716 29977.73291015625 45.883056640625 6882.359678326231 198
stats: users_count 1 206
stats: finish_users_count 7 205
stats: request 7 12543.73570033482 5821.543040447559 29976.10205078125 44.211181640625 6880.00256964173 198
stats: connect 1 2.4150390625 0.0 285.677978515625 1.161865234375 3.862590510670731 205
stats: page 7 12543.73570033482 5821.543040447559 29976.10205078125 44.211181640625 6880.00256964173 198
stats: 200 7 204
stats: size_rcv 301 8811
stats: size_sent 85 17510
stats: connected -6 1
stats: 500 0 1
# stats: dump at 1531433407
stats: users 4 8
stats: {freemem,"tsung_controller@a44da3f1c740"} 1 8995.70703125 0.0 10309.046875 8995.70703125 9094.42326388889 45
stats: {load,"tsung_controller@a44da3f1c740"} 1 0.671875 0.0 4.12109375 0.4296875 1.3616319444444447 45
stats: {cpu,"tsung_controller@a44da3f1c740"} 1 3.8306451612903225 0.0 77.91687531296945 1.3733962604222116 6.15700954695182 45
stats: session 2 9999.73046875 8739.3564453125 29977.73291015625 45.883056640625 7075.737525009527 205
stats: users_count 5 211
stats: finish_users_count 2 207
stats: request 2 9998.161376953125 8739.439453125 29976.10205078125 44.211181640625 7073.398335080031 205
stats: connect 5 2.744775390625 2.0145844167281046 285.677978515625 1.161865234375 3.855563561893203 206
stats: page 2 9998.161376953125 8739.439453125 29976.10205078125 44.211181640625 7073.398335080031 205
stats: 200 2 206
stats: size_rcv 86 8897
stats: size_sent 425 17935
stats: connected 3 4
stats: 500 0 1
# stats: dump at 1531433417
stats: users 5 8
stats: {freemem,"tsung_controller@a44da3f1c740"} 1 8989.265625 0.0 10309.046875 8989.265625 9092.277258831524 46
stats: {load,"tsung_controller@a44da3f1c740"} 1 0.55859375 0.0 4.12109375 0.4296875 1.3466372282608698 46
stats: {cpu,"tsung_controller@a44da3f1c740"} 1 3.7738230468256972 0.0 77.91687531296945 1.3733962604222116 6.106436408133091 46
stats: session 3 5848.881591796875 3414.2688439891735 29977.73291015625 45.883056640625 7103.988664562576 207
stats: users_count 4 215
stats: finish_users_count 3 210
stats: request 2 7559.0684814453125 2947.6915283203125 29976.10205078125 44.211181640625 7101.656915194746 207
stats: connect 4 1.85333251953125 0.38403372209808534 285.677978515625 1.161865234375 3.829241567313388 211
stats: page 2 7559.0684814453125 2947.6915283203125 29976.10205078125 44.211181640625 7101.656915194746 207
stats: 200 2 208
stats: size_rcv 86 8983
stats: size_sent 340 18275
stats: connected 2 6
stats: 500 0 1
# stats: dump at 1531433427
stats: users 5 8
stats: {freemem,"tsung_controller@a44da3f1c740"} 1 8986.7890625 0.0 10309.046875 8986.7890625 9090.085521941492 47
stats: {load,"tsung_controller@a44da3f1c740"} 1 0.48046875 0.0 4.12109375 0.4296875 1.3298703457446812 47
stats: {cpu,"tsung_controller@a44da3f1c740"} 1 2.8542939050230585 0.0 77.91687531296945 1.3733962604222116 6.056806336615912 47
stats: session 3 15256.006266276041 7459.273515122016 29977.73291015625 45.883056640625 7086.0585635230655 210
stats: users_count 3 218
stats: finish_users_count 3 213
stats: request 4 12046.052795410156 8520.330202517896 29976.10205078125 44.211181640625 7106.034059369393 209
stats: connect 3 2.1259765625 0.06119055737554887 285.677978515625 1.161865234375 3.7924804687499996 215
stats: page 4 12046.052795410156 8520.330202517896 29976.10205078125 44.211181640625 7106.034059369393 209
stats: 200 4 212
stats: size_rcv 172 9155
stats: size_sent 255 18530
stats: connected -1 5
stats: 500 0 1
# stats: dump at 1531433437
stats: users 7 8
stats: {freemem,"tsung_controller@a44da3f1c740"} 1 8982.17578125 0.0 10309.046875 8982.17578125 9087.933512369795 48
stats: {load,"tsung_controller@a44da3f1c740"} 1 0.3984375 0.0 4.12109375 0.3984375 1.312174479166667 48
stats: {cpu,"tsung_controller@a44da3f1c740"} 1 2.791277258566978 0.0 77.91687531296945 1.3733962604222116 5.990087327624394 48
stats: session 6 12672.648193359375 7140.384560030666 29977.73291015625 45.883056640625 7201.128249477333 213
stats: users_count 8 226
stats: finish_users_count 6 219
stats: request 6 12670.748168945313 7140.53283564642 29976.10205078125 44.211181640625 7198.804364271567 213
stats: connect 8 2.084320068359375 0.3656924824815312 285.677978515625 1.161865234375 3.7695469287557333 218
stats: page 6 12670.748168945313 7140.53283564642 29976.10205078125 44.211181640625 7198.804364271567 213
stats: 200 6 218
stats: size_rcv 258 9413
stats: size_sent 680 19210
stats: connected 2 7
stats: 500 0 1
# stats: dump at 1531433447
stats: users 3 8
stats: {freemem,"tsung_controller@a44da3f1c740"} 1 8973.328125 0.0 10309.046875 8973.328125 9085.775191326533 49
stats: {load,"tsung_controller@a44da3f1c740"} 1 0.33984375 0.0 4.12109375 0.33984375 1.293526785714286 49
stats: {cpu,"tsung_controller@a44da3f1c740"} 1 3.016270337922403 0.0 77.91687531296945 1.3733962604222116 5.924805489480366 49
stats: session 8 8130.923980712891 7497.985543321405 29977.73291015625 11.98291015625 7351.032905474101 219
stats: users_count 4 230
stats: finish_users_count 8 227
stats: request 8 8129.111083984375 7498.031823321041 29976.10205078125 10.2109375 7348.720632892765 219
stats: connect 4 4.1749267578125 2.670342839840425 285.677978515625 1.161865234375 3.70989288060011 226
stats: page 8 8129.111083984375 7498.031823321041 29976.10205078125 10.2109375 7348.720632892765 219
stats: 200 7 225
stats: size_rcv 448 9861
stats: size_sent 340 19550
stats: connected -4 3
stats: 500 1 2
# stats: dump at 1531433457
stats: users 5 8
stats: {freemem,"tsung_controller@a44da3f1c740"} 1 8974.078125 0.0 10309.046875 8973.328125 9083.526250000003 50
stats: {load,"tsung_controller@a44da3f1c740"} 1 0.91015625 0.0 4.12109375 0.33984375 1.2744531250000002 50
stats: {cpu,"tsung_controller@a44da3f1c740"} 1 3.241551939924906 0.0 77.91687531296945 1.3733962604222116 5.866634786449206 50
stats: session 6 6852.2118733723955 4331.261087688569 29977.73291015625 11.98291015625 7378.518053500137 227
stats: users_count 8 238
stats: finish_users_count 6 233
stats: request 6 6850.273111979167 4331.294539785952 29976.10205078125 10.2109375 7376.2233800678005 227
stats: connect 8 2.31298828125 0.3178183516242181 285.677978515625 1.161865234375 3.7179804262907603 230
stats: page 6 6850.273111979167 4331.294539785952 29976.10205078125 10.2109375 7376.2233800678005 227
stats: 200 6 231
stats: size_rcv 258 10119
stats: size_sent 680 20230
stats: connected 2 5
stats: 500 0 2
# stats: dump at 1531433467
stats: users 4 8
stats: {freemem,"tsung_controller@a44da3f1c740"} 1 8975.5859375 0.0 10309.046875 8973.328125 9081.380208333336 51
stats: {load,"tsung_controller@a44da3f1c740"} 1 0.9296875 0.0 4.12109375 0.33984375 1.2673100490196079 51
stats: {cpu,"tsung_controller@a44da3f1c740"} 1 4.292993630573248 0.0 77.91687531296945 1.3733962604222116 5.815162573772259 51
stats: session 1 9075.818115234375 0.0 29977.73291015625 11.98291015625 7364.965104655646 233
stats: users_count 0 238
stats: finish_users_count 1 234
stats: request 1 9074.0458984375 0.0 29976.10205078125 10.2109375 7362.6795963401955 233
stats: connect 0 0 0 285.677978515625 1.161865234375 3.6707537995667012 238
stats: page 1 9074.0458984375 0.0 29976.10205078125 10.2109375 7362.6795963401955 233
stats: 200 1 232
stats: size_rcv 43 10162
stats: size_sent 0 20230
stats: connected -1 4
stats: 500 0 2
# stats: dump at 1531433477
stats: users 4 10
stats: {freemem,"tsung_controller@a44da3f1c740"} 1 8975.91015625 0.0 10309.046875 8973.328125 9079.345703125002 52
stats: {load,"tsung_controller@a44da3f1c740"} 1 0.7890625 0.0 4.12109375 0.33984375 1.2608173076923077 52
stats: {cpu,"tsung_controller@a44da3f1c740"} 1 3.2871536523929468 0.0 77.91687531296945 1.3733962604222116 5.785890094095355 52
stats: session 6 12463.272298177084 8999.87785049598 29977.73291015625 11.98291015625 7372.276442307692 234
stats: users_count 6 244
stats: finish_users_count 6 240
stats: request 6 12461.335408528646 8999.876630292152 29976.10205078125 10.2109375 7369.99312754574 234
stats: connect 6 4.635009765625 5.835520920530953 285.677978515625 1.161865234375 3.6707537995667012 238
stats: page 6 12461.335408528646 8999.876630292152 29976.10205078125 10.2109375 7369.99312754574 234
stats: 200 6 238
stats: size_rcv 258 10420
stats: size_sent 510 20740
stats: connected 0 4
stats: 500 0 2
# stats: dump at 1531433487
stats: users 8 10
stats: {freemem,"tsung_controller@a44da3f1c740"} 1 8953.6953125 0.0 10309.046875 8953.6953125 9077.394089033021 53
stats: {load,"tsung_controller@a44da3f1c740"} 1 0.76171875 0.0 4.12109375 0.33984375 1.2519162735849056 53
stats: {cpu,"tsung_controller@a44da3f1c740"} 1 3.9445762077143924 0.0 77.91687531296945 1.3733962604222116 5.738744123497196 53
stats: session 2 6589.216064453125 4019.385986328125 29977.73291015625 11.98291015625 7499.5513387044275 240
stats: users_count 6 250
stats: finish_users_count 2 242
stats: request 2 6587.25 4019.97314453125 29976.10205078125 10.2109375 7497.276684570313 240
stats: connect 6 2.035400390625 0.3814120985116924 285.677978515625 1.161865234375 3.694465011846823 244
stats: page 2 6587.25 4019.97314453125 29976.10205078125 10.2109375 7497.276684570313 240
stats: 200 2 240
stats: size_rcv 86 10506
stats: size_sent 510 21250
stats: connected 4 8
stats: 500 0 2
# stats: dump at 1531433497
stats: users 9 11
stats: {freemem,"tsung_controller@a44da3f1c740"} 1 8950.91015625 0.0 10309.046875 8950.91015625 9075.103370949077 54
stats: {load,"tsung_controller@a44da3f1c740"} 1 0.71875 0.0 4.12109375 0.33984375 1.2428385416666667 54
stats: {cpu,"tsung_controller@a44da3f1c740"} 1 4.208441638816685 0.0 77.91687531296945 1.3733962604222116 5.705518791723441 54
stats: session 4 18430.194763183594 15478.906254715039 44351.11083984375 11.98291015625 7492.027906685821 242
stats: users_count 5 255
stats: finish_users_count 4 246
stats: request 3 19327.900960286457 17782.8729181923 44349.52392578125 10.2109375 7489.755802879648 242
stats: connect 5 5.861328125 6.935903803740734 285.677978515625 1.161865234375 3.6546474609374995 250
stats: page 3 19327.900960286457 17782.8729181923 44349.52392578125 10.2109375 7489.755802879648 242
stats: 200 3 243
stats: size_rcv 129 10635
stats: size_sent 425 21675
stats: connected 2 10
stats: 500 0 2
# stats: dump at 1531433507
stats: users 4 11
stats: {freemem,"tsung_controller@a44da3f1c740"} 1 8974.015625 0.0 10309.046875 8950.91015625 9072.845312500001 55
stats: {load,"tsung_controller@a44da3f1c740"} 1 0.76953125 0.0 4.12109375 0.33984375 1.2333096590909092 55
stats: {cpu,"tsung_controller@a44da3f1c740"} 1 2.2224950884086443 0.0 77.91687531296945 1.3733962604222116 5.678299207125136 55
stats: session 8 17494.898010253906 9390.890681913213 44351.11083984375 11.98291015625 7669.8842783361915 246
stats: users_count 3 258
stats: finish_users_count 8 254
stats: request 9 17297.190592447918 8871.193826482517 44349.52392578125 10.2109375 7634.712682358099 245
stats: connect 3 1.878662109375 0.3569273037058344 285.677978515625 1.161865234375 3.6979157092524506 255
stats: page 9 17297.190592447918 8871.193826482517 44349.52392578125 10.2109375 7634.712682358099 245
stats: 200 9 252
stats: size_rcv 387 11022
stats: size_sent 255 21930
stats: connected -6 4
stats: 500 0 2
# stats: dump at 1531433517
stats: users 4 11
stats: {freemem,"tsung_controller@a44da3f1c740"} 1 8973.25390625 0.0 10309.046875 8950.91015625 9071.080496651786 56
stats: {load,"tsung_controller@a44da3f1c740"} 1 0.6484375 0.0 4.12109375 0.33984375 1.2250279017857142 56
stats: {cpu,"tsung_controller@a44da3f1c740"} 1 3.2817569253805843 0.0 77.91687531296945 1.3733962604222116 5.616588419290913 56
stats: session 3 10050.692057291666 6608.483770694523 44351.11083984375 11.98291015625 7979.333529735175 254
stats: users_count 3 261
stats: finish_users_count 3 257
stats: request 3 10048.8466796875 6608.5864826695115 44349.52392578125 10.2109375 7977.083946888841 254
stats: connect 3 1.731689453125 0.29521498104373667 285.677978515625 1.161865234375 3.6767615976259687 258
stats: page 3 10048.8466796875 6608.5864826695115 44349.52392578125 10.2109375 7977.083946888841 254
stats: 200 3 255
stats: size_rcv 129 11151
stats: size_sent 255 22185
stats: connected 0 4
stats: 500 0 2
# stats: dump at 1531433527
stats: users 5 11
stats: {freemem,"tsung_controller@a44da3f1c740"} 1 8973.30078125 0.0 10309.046875 8950.91015625 9069.364240679824 57
stats: {load,"tsung_controller@a44da3f1c740"} 1 0.55078125 0.0 4.12109375 0.33984375 1.2149122807017543 57
stats: {cpu,"tsung_controller@a44da3f1c740"} 1 4.226243198785271 0.0 77.91687531296945 1.3733962604222116 5.575626463257398 57
stats: session 4 15538.233276367188 9685.393246881627 44351.11083984375 11.98291015625 8003.512812158013 257
stats: users_count 5 266
stats: finish_users_count 4 261
stats: request 4 15531.567199707031 9692.180640973364 44349.52392578125 10.2109375 8001.26794766081 257
stats: connect 5 1.75458984375 0.41084123071246453 285.677978515625 1.161865234375 3.6544044465397505 261
stats: page 4 15531.567199707031 9692.180640973364 44349.52392578125 10.2109375 8001.26794766081 257
stats: 200 4 259
stats: size_rcv 172 11323
stats: size_sent 425 22610
stats: connected 1 5
stats: 500 0 2
# stats: dump at 1531433537
stats: users 4 11
stats: {freemem,"tsung_controller@a44da3f1c740"} 1 8972.19140625 0.0 10309.046875 8950.91015625 9067.707974137931 58
stats: {load,"tsung_controller@a44da3f1c740"} 1 0.62109375 0.0 4.12109375 0.33984375 1.2034617456896552 58
stats: {cpu,"tsung_controller@a44da3f1c740"} 1 3.632478632478633 0.0 77.91687531296945 1.3733962604222116 5.552361234559603 58
stats: session 3 8250.248942057291 5303.868777440141 44351.11083984375 11.98291015625 8118.987455287655 261
stats: users_count 2 268
stats: finish_users_count 3 264
stats: request 3 8243.904703776041 5300.045293359318 44349.52392578125 10.2109375 8116.674832749641 261
stats: connect 2 1.857421875 0.467529296875 285.677978515625 1.161865234375 3.6186936457354317 266
stats: page 3 8243.904703776041 5300.045293359318 44349.52392578125 10.2109375 8116.674832749641 261
stats: 200 3 262
stats: size_rcv 129 11452
stats: size_sent 170 22780
stats: connected -1 4
stats: 500 0 2
# stats: dump at 1531433547
stats: users 3 11
stats: {freemem,"tsung_controller@a44da3f1c740"} 1 8971.671875 0.0 10309.046875 8950.91015625 9066.089049258475 59
stats: {load,"tsung_controller@a44da3f1c740"} 1 0.6015625 0.0 4.12109375 0.33984375 1.1935911016949152 59
stats: {cpu,"tsung_controller@a44da3f1c740"} 1 2.987322706162922 0.0 77.91687531296945 1.3733962604222116 5.519820851473485 59
stats: session 3 12989.453938802084 11740.851620820515 44351.11083984375 11.98291015625 8120.479063091856 264
stats: users_count 2 270
stats: finish_users_count 3 267
stats: request 3 12987.738037109375 11740.718551053342 44349.52392578125 10.2109375 8118.120626738577 264
stats: connect 2 2.4990234375 0.0048828125 285.677978515625 1.161865234375 3.605549826550839 268
stats: page 3 12987.738037109375 11740.718551053342 44349.52392578125 10.2109375 8118.120626738577 264
stats: 200 3 265
stats: size_rcv 129 11581
stats: size_sent 170 22950
stats: connected -1 3
stats: 500 0 2
# stats: dump at 1531433557
stats: users 1 11
stats: {freemem,"tsung_controller@a44da3f1c740"} 1 8968.23046875 0.0 10309.046875 8950.91015625 9064.5154296875 60
stats: {load,"tsung_controller@a44da3f1c740"} 1 0.51171875 0.0 4.12109375 0.33984375 1.1837239583333334 60
stats: {cpu,"tsung_controller@a44da3f1c740"} 1 3.6115971007248184 0.0 77.91687531296945 1.3733962604222116 5.477612549051642 60
stats: session 3 16239.586995442709 11742.82511282022 44351.11083984375 11.98291015625 8175.186645965005 267
stats: users_count 1 271
stats: finish_users_count 3 270
stats: request 3 16237.789957682291 11742.498297741186 44349.52392578125 10.2109375 8172.835429102294 267
stats: connect 1 2.0068359375 0.0 285.677978515625 1.161865234375 3.597353334780092 270
stats: page 3 16237.789957682291 11742.498297741186 44349.52392578125 10.2109375 8172.835429102294 267
stats: 200 3 268
stats: size_rcv 129 11710
stats: size_sent 85 23035
stats: connected -2 1
stats: 500 0 2
# stats: dump at 1531433563
stats: users 0 11
stats: {freemem,"tsung_controller@a44da3f1c740"} 1 8968.09765625 0.0 10309.046875 8950.91015625 9062.936987704918 61
stats: {load,"tsung_controller@a44da3f1c740"} 1 0.4296875 0.0 4.12109375 0.33984375 1.1727074795081966 61
stats: {cpu,"tsung_controller@a44da3f1c740"} 1 3.292284493591355 0.0 77.91687531296945 1.3733962604222116 5.447022131865956 61
stats: session 2 18537.708984375 18083.548095703125 44351.11083984375 11.98291015625 8264.791094292535 270
stats: users_count 1 272
stats: finish_users_count 2 272
stats: request 2 18535.327392578125 18083.1025390625 44349.52392578125 10.2109375 8262.446034975404 270
stats: connect 1 2.8330078125 0.0 285.677978515625 1.161865234375 3.59148426689345 271
stats: page 2 18535.327392578125 18083.1025390625 44349.52392578125 10.2109375 8262.446034975404 270
stats: 200 2 270
stats: size_rcv 86 11796
stats: size_sent 85 23120
stats: connected -1 0
stats: 500 0 2
EndMonitor:{1531,433563,758072}
